Building DAG of jobs...
Using shell: /bin/bash
Provided cluster nodes: 3
Job counts:
	count	jobs
	1	all
	3	cellranger
	4
Select jobs to execute...

[Thu Mar 24 20:57:39 2022]
rule cellranger:
    output: WT_3_hr
    jobid: 3
    wildcards: sample=WT_3_hr

Submitted job 3 with external jobid 'Your job 3649542 ("snakejob.cellranger.3.sh") has been submitted'.

[Thu Mar 24 20:57:39 2022]
rule cellranger:
    output: WT_6_hr
    jobid: 4
    wildcards: sample=WT_6_hr

Submitted job 4 with external jobid 'Your job 3649543 ("snakejob.cellranger.4.sh") has been submitted'.

[Thu Mar 24 20:57:39 2022]
rule cellranger:
    output: PS19_6_hr
    jobid: 2
    wildcards: sample=PS19_6_hr

Submitted job 2 with external jobid 'Your job 3649544 ("snakejob.cellranger.2.sh") has been submitted'.
[Fri Mar 25 00:37:42 2022]
Error in rule cellranger:
    jobid: 2
    output: PS19_6_hr
    shell:
        /research/labs/neurology/fryer/m239830/tools/cellranger-6.1.1/bin/cellranger count --id=PS19_6_hr --sample=PS19_6_hr --fastqs=/research/labs/neurology/fryer/projects/PMI/scRNA/ --transcriptome=/research/labs/neurology/fryer/projects/references/mouse/refdata-gex-mm10-2020-A/ --localcores=16 --localmem=50 || true
        (one of the commands exited with non-zero exit code; note that snakemake uses bash strict mode!)
    cluster_jobid: Your job 3649544 ("snakejob.cellranger.2.sh") has been submitted

Error executing rule cellranger on cluster (jobid: 2, external: Your job 3649544 ("snakejob.cellranger.2.sh") has been submitted, jobscript: /research/labs/neurology/fryer/shared/PMI/scripts/snakemake/.snakemake/tmp.n0s7jgks/snakejob.cellranger.2.sh). For error details see the cluster log and the log files of the involved rule(s).
Removing output files of failed job cellranger since they might be corrupted:
PS19_6_hr
Skipped removing non-empty directory PS19_6_hr
[Fri Mar 25 01:35:56 2022]
Error in rule cellranger:
    jobid: 4
    output: WT_6_hr
    shell:
        /research/labs/neurology/fryer/m239830/tools/cellranger-6.1.1/bin/cellranger count --id=WT_6_hr --sample=WT_6_hr --fastqs=/research/labs/neurology/fryer/projects/PMI/scRNA/ --transcriptome=/research/labs/neurology/fryer/projects/references/mouse/refdata-gex-mm10-2020-A/ --localcores=16 --localmem=50 || true
        (one of the commands exited with non-zero exit code; note that snakemake uses bash strict mode!)
    cluster_jobid: Your job 3649543 ("snakejob.cellranger.4.sh") has been submitted

Error executing rule cellranger on cluster (jobid: 4, external: Your job 3649543 ("snakejob.cellranger.4.sh") has been submitted, jobscript: /research/labs/neurology/fryer/shared/PMI/scripts/snakemake/.snakemake/tmp.n0s7jgks/snakejob.cellranger.4.sh). For error details see the cluster log and the log files of the involved rule(s).
Removing output files of failed job cellranger since they might be corrupted:
WT_6_hr
Skipped removing non-empty directory WT_6_hr
[Fri Mar 25 01:39:46 2022]
Error in rule cellranger:
    jobid: 3
    output: WT_3_hr
    shell:
        /research/labs/neurology/fryer/m239830/tools/cellranger-6.1.1/bin/cellranger count --id=WT_3_hr --sample=WT_3_hr --fastqs=/research/labs/neurology/fryer/projects/PMI/scRNA/ --transcriptome=/research/labs/neurology/fryer/projects/references/mouse/refdata-gex-mm10-2020-A/ --localcores=16 --localmem=50 || true
        (one of the commands exited with non-zero exit code; note that snakemake uses bash strict mode!)
    cluster_jobid: Your job 3649542 ("snakejob.cellranger.3.sh") has been submitted

Error executing rule cellranger on cluster (jobid: 3, external: Your job 3649542 ("snakejob.cellranger.3.sh") has been submitted, jobscript: /research/labs/neurology/fryer/shared/PMI/scripts/snakemake/.snakemake/tmp.n0s7jgks/snakejob.cellranger.3.sh). For error details see the cluster log and the log files of the involved rule(s).
Removing output files of failed job cellranger since they might be corrupted:
WT_3_hr
Skipped removing non-empty directory WT_3_hr
Shutting down, this might take some time.
Exiting because a job execution failed. Look above for error message
Complete log: /research/labs/neurology/fryer/shared/PMI/scripts/snakemake/.snakemake/log/2022-03-24T205738.431871.snakemake.log
