Building DAG of jobs...
Using shell: /usr/bin/bash
Provided cores: 2
Rules claiming more threads will be scaled down.
Job counts:
	count	jobs
	1	all
	4	cellranger
	5
Select jobs to execute...

[Wed Mar 23 21:51:13 2022]
rule cellranger:
    output: ../../counts/WT_3_hr/outs/raw_feature_bc_matrix/features.tsv.gz, ../../counts/WT_3_hr
    jobid: 3
    wildcards: sample=WT_3_hr


[Wed Mar 23 21:51:13 2022]
rule cellranger:
    output: ../../counts/WT_6_hr/outs/raw_feature_bc_matrix/features.tsv.gz, ../../counts/WT_6_hr
    jobid: 4
    wildcards: sample=WT_6_hr

Terminating processes on user request, this might take some time.
[Wed Mar 23 21:51:18 2022]
[Wed Mar 23 21:51:18 2022]
Error in rule cellranger:
Error in rule cellranger:
    jobid: 4
    jobid: 3
    output: ../../counts/WT_6_hr/outs/raw_feature_bc_matrix/features.tsv.gz, ../../counts/WT_6_hr
    output: ../../counts/WT_3_hr/outs/raw_feature_bc_matrix/features.tsv.gz, ../../counts/WT_3_hr
    shell:
        cellranger count --id=WT_6_hr --sample=WT_6_hr --fastqs=/research/labs/neurology/fryer/projects/PMI/scRNA/ --transcriptome=/research/labs/neurology/fryer/projects/references/mouse/refdata-gex-mm10-2020-A/ --localcores=16 --localmem=50; mv WT_6_hr/ ../../counts/WT_6_hr
        (one of the commands exited with non-zero exit code; note that snakemake uses bash strict mode!)
    shell:
        cellranger count --id=WT_3_hr --sample=WT_3_hr --fastqs=/research/labs/neurology/fryer/projects/PMI/scRNA/ --transcriptome=/research/labs/neurology/fryer/projects/references/mouse/refdata-gex-mm10-2020-A/ --localcores=16 --localmem=50; mv WT_3_hr/ ../../counts/WT_3_hr
        (one of the commands exited with non-zero exit code; note that snakemake uses bash strict mode!)


Removing output files of failed job cellranger since they might be corrupted:
../../counts/WT_6_hr
Skipped removing non-empty directory ../../counts/WT_6_hr
Removing output files of failed job cellranger since they might be corrupted:
../../counts/WT_3_hr
Skipped removing non-empty directory ../../counts/WT_3_hr
Complete log: /research/labs/neurology/fryer/shared/PMI/scripts/snakemake/.snakemake/log/2022-03-23T215112.416501.snakemake.log
