Building DAG of jobs...
Using shell: /bin/bash
Provided cluster nodes: 3
Job counts:
	count	jobs
	1	all
	4	cellranger
	5
Select jobs to execute...

[Wed Mar 23 22:12:54 2022]
rule cellranger:
    output: ../../counts/PS19_3_hr/outs/raw_feature_bc_matrix/features.tsv.gz, ../../counts/PS19_3_hr
    jobid: 1
    wildcards: sample=PS19_3_hr

Submitted job 1 with external jobid 'Your job 3633701 ("snakejob.cellranger.1.sh") has been submitted'.

[Wed Mar 23 22:12:54 2022]
rule cellranger:
    output: ../../counts/WT_6_hr/outs/raw_feature_bc_matrix/features.tsv.gz, ../../counts/WT_6_hr
    jobid: 4
    wildcards: sample=WT_6_hr

Submitted job 4 with external jobid 'Your job 3633702 ("snakejob.cellranger.4.sh") has been submitted'.

[Wed Mar 23 22:12:54 2022]
rule cellranger:
    output: ../../counts/PS19_6_hr/outs/raw_feature_bc_matrix/features.tsv.gz, ../../counts/PS19_6_hr
    jobid: 2
    wildcards: sample=PS19_6_hr

Submitted job 2 with external jobid 'Your job 3633703 ("snakejob.cellranger.2.sh") has been submitted'.
[Wed Mar 23 22:13:43 2022]
Error in rule cellranger:
    jobid: 1
    output: ../../counts/PS19_3_hr/outs/raw_feature_bc_matrix/features.tsv.gz, ../../counts/PS19_3_hr
    shell:
        cellranger count --id=PS19_3_hr --sample=PS19_3_hr --fastqs=/research/labs/neurology/fryer/projects/PMI/scRNA/ --transcriptome=/research/labs/neurology/fryer/projects/references/mouse/refdata-gex-mm10-2020-A/ --localcores=16 --localmem=50; mv PS19_3_hr/ ../../counts/PS19_3_hr
        (one of the commands exited with non-zero exit code; note that snakemake uses bash strict mode!)
    cluster_jobid: Your job 3633701 ("snakejob.cellranger.1.sh") has been submitted

Error executing rule cellranger on cluster (jobid: 1, external: Your job 3633701 ("snakejob.cellranger.1.sh") has been submitted, jobscript: /research/labs/neurology/fryer/shared/PMI/scripts/snakemake/.snakemake/tmp.pn43qrai/snakejob.cellranger.1.sh). For error details see the cluster log and the log files of the involved rule(s).
[Wed Mar 23 22:13:43 2022]
Error in rule cellranger:
    jobid: 4
    output: ../../counts/WT_6_hr/outs/raw_feature_bc_matrix/features.tsv.gz, ../../counts/WT_6_hr
    shell:
        cellranger count --id=WT_6_hr --sample=WT_6_hr --fastqs=/research/labs/neurology/fryer/projects/PMI/scRNA/ --transcriptome=/research/labs/neurology/fryer/projects/references/mouse/refdata-gex-mm10-2020-A/ --localcores=16 --localmem=50; mv WT_6_hr/ ../../counts/WT_6_hr
        (one of the commands exited with non-zero exit code; note that snakemake uses bash strict mode!)
    cluster_jobid: Your job 3633702 ("snakejob.cellranger.4.sh") has been submitted

Error executing rule cellranger on cluster (jobid: 4, external: Your job 3633702 ("snakejob.cellranger.4.sh") has been submitted, jobscript: /research/labs/neurology/fryer/shared/PMI/scripts/snakemake/.snakemake/tmp.pn43qrai/snakejob.cellranger.4.sh). For error details see the cluster log and the log files of the involved rule(s).
[Wed Mar 23 22:13:43 2022]
Error in rule cellranger:
    jobid: 2
    output: ../../counts/PS19_6_hr/outs/raw_feature_bc_matrix/features.tsv.gz, ../../counts/PS19_6_hr
    shell:
        cellranger count --id=PS19_6_hr --sample=PS19_6_hr --fastqs=/research/labs/neurology/fryer/projects/PMI/scRNA/ --transcriptome=/research/labs/neurology/fryer/projects/references/mouse/refdata-gex-mm10-2020-A/ --localcores=16 --localmem=50; mv PS19_6_hr/ ../../counts/PS19_6_hr
        (one of the commands exited with non-zero exit code; note that snakemake uses bash strict mode!)
    cluster_jobid: Your job 3633703 ("snakejob.cellranger.2.sh") has been submitted

Error executing rule cellranger on cluster (jobid: 2, external: Your job 3633703 ("snakejob.cellranger.2.sh") has been submitted, jobscript: /research/labs/neurology/fryer/shared/PMI/scripts/snakemake/.snakemake/tmp.pn43qrai/snakejob.cellranger.2.sh). For error details see the cluster log and the log files of the involved rule(s).
Shutting down, this might take some time.
Exiting because a job execution failed. Look above for error message
Complete log: /research/labs/neurology/fryer/shared/PMI/scripts/snakemake/.snakemake/log/2022-03-23T221244.952239.snakemake.log
