Building DAG of jobs...
Using shell: /usr/bin/bash
Provided cores: 1 (use --cores to define parallelism)
Rules claiming more threads will be scaled down.
Job counts:
	count	jobs
	1	all
	6	cellranger
	7
Select jobs to execute...

[Mon Mar 28 12:55:22 2022]
rule cellranger:
    output: ../../counts/scRNA/WT_6_hr
    jobid: 12
    wildcards: sample=../../counts/scRNA/WT_6_hr

InputFunctionException in line 18 of /research/labs/neurology/fryer/shared/PMI/scripts/snakemake/cell.Snakefile:
Error:
  KeyError: '../../counts/scRNA/WT_6_hr'
Wildcards:
  sample=../../counts/scRNA/WT_6_hr
Traceback:
  File "/research/labs/neurology/fryer/shared/PMI/scripts/snakemake/cell.Snakefile", line 23, in <lambda>
  File "/research/labs/neurology/fryer/m239830/tools/miniconda3/envs/pigs/lib/python3.9/site-packages/snakemake/executors/__init__.py", line 136, in run_jobs
  File "/research/labs/neurology/fryer/m239830/tools/miniconda3/envs/pigs/lib/python3.9/site-packages/snakemake/executors/__init__.py", line 441, in run
  File "/research/labs/neurology/fryer/m239830/tools/miniconda3/envs/pigs/lib/python3.9/site-packages/snakemake/executors/__init__.py", line 230, in _run
  File "/research/labs/neurology/fryer/m239830/tools/miniconda3/envs/pigs/lib/python3.9/site-packages/snakemake/executors/__init__.py", line 156, in _run
  File "/research/labs/neurology/fryer/m239830/tools/miniconda3/envs/pigs/lib/python3.9/site-packages/snakemake/executors/__init__.py", line 162, in printjob
