Building DAG of jobs...
Job counts:
	count	jobs
	1	all
	6	cellranger
	7

[Mon Mar 28 12:50:29 2022]
rule cellranger:
    output: ../../counts/scRNA/PS19_3_hr
    jobid: 8
    wildcards: sample=../../counts/scRNA/PS19_3_hr

InputFunctionException in line 18 of /research/labs/neurology/fryer/shared/PMI/scripts/snakemake/cell.Snakefile:
Error:
  KeyError: '../../counts/scRNA/PS19_3_hr'
Wildcards:
  sample=../../counts/scRNA/PS19_3_hr
Traceback:
  File "/research/labs/neurology/fryer/shared/PMI/scripts/snakemake/cell.Snakefile", line 23, in <lambda>
  File "/research/labs/neurology/fryer/m239830/tools/miniconda3/envs/pigs/lib/python3.9/site-packages/snakemake/executors/__init__.py", line 136, in run_jobs
  File "/research/labs/neurology/fryer/m239830/tools/miniconda3/envs/pigs/lib/python3.9/site-packages/snakemake/executors/__init__.py", line 145, in run
  File "/research/labs/neurology/fryer/m239830/tools/miniconda3/envs/pigs/lib/python3.9/site-packages/snakemake/executors/__init__.py", line 156, in _run
  File "/research/labs/neurology/fryer/m239830/tools/miniconda3/envs/pigs/lib/python3.9/site-packages/snakemake/executors/__init__.py", line 176, in printjob
  File "/research/labs/neurology/fryer/m239830/tools/miniconda3/envs/pigs/lib/python3.9/site-packages/snakemake/executors/__init__.py", line 162, in printjob
