Building DAG of jobs...
Using shell: /bin/bash
Provided cluster nodes: 6
Job stats:
job           count    min threads    max threads
----------  -------  -------------  -------------
all               1              1              1
cellbender        6              1              1
total             7              1              1

Select jobs to execute...

[Tue Mar 29 18:18:25 2022]
rule cellbender:
    input: ../../cellranger/scRNA/PS19_3_hr
    output: ../../cellbender/scRNA/PS19_3_hr_cellbender.h5
    jobid: 8
    wildcards: sample=PS19_3_hr
    resources: mem_mb=1000, disk_mb=1000, tmpdir=/tmp/3789536.1.1-day

Submitted job 8 with external jobid 'Your job 3789538 ("snakejob.cellbender.8.sh") has been submitted'.

[Tue Mar 29 18:18:26 2022]
rule cellbender:
    input: ../../cellranger/scRNA/WT_0_hr
    output: ../../cellbender/scRNA/WT_0_hr_cellbender.h5
    jobid: 10
    wildcards: sample=WT_0_hr
    resources: mem_mb=1000, disk_mb=1000, tmpdir=/tmp/3789536.1.1-day

Submitted job 10 with external jobid 'Your job 3789539 ("snakejob.cellbender.10.sh") has been submitted'.

[Tue Mar 29 18:18:26 2022]
rule cellbender:
    input: ../../cellranger/scRNA/WT_6_hr
    output: ../../cellbender/scRNA/WT_6_hr_cellbender.h5
    jobid: 12
    wildcards: sample=WT_6_hr
    resources: mem_mb=1000, disk_mb=1000, tmpdir=/tmp/3789536.1.1-day

Submitted job 12 with external jobid 'Your job 3789540 ("snakejob.cellbender.12.sh") has been submitted'.

[Tue Mar 29 18:18:26 2022]
rule cellbender:
    input: ../../cellranger/scRNA/PS19_0_hr
    output: ../../cellbender/scRNA/PS19_0_hr_cellbender.h5
    jobid: 7
    wildcards: sample=PS19_0_hr
    resources: mem_mb=1000, disk_mb=1000, tmpdir=/tmp/3789536.1.1-day

Submitted job 7 with external jobid 'Your job 3789541 ("snakejob.cellbender.7.sh") has been submitted'.

[Tue Mar 29 18:18:26 2022]
rule cellbender:
    input: ../../cellranger/scRNA/PS19_6_hr
    output: ../../cellbender/scRNA/PS19_6_hr_cellbender.h5
    jobid: 9
    wildcards: sample=PS19_6_hr
    resources: mem_mb=1000, disk_mb=1000, tmpdir=/tmp/3789536.1.1-day

Submitted job 9 with external jobid 'Your job 3789542 ("snakejob.cellbender.9.sh") has been submitted'.

[Tue Mar 29 18:18:26 2022]
rule cellbender:
    input: ../../cellranger/scRNA/WT_3_hr
    output: ../../cellbender/scRNA/WT_3_hr_cellbender.h5
    jobid: 11
    wildcards: sample=WT_3_hr
    resources: mem_mb=1000, disk_mb=1000, tmpdir=/tmp/3789536.1.1-day

Submitted job 11 with external jobid 'Your job 3789543 ("snakejob.cellbender.11.sh") has been submitted'.
[Tue Mar 29 18:19:04 2022]
Error in rule cellbender:
    jobid: 10
    output: ../../cellbender/scRNA/WT_0_hr_cellbender.h5
    shell:
        
            conda activate cellbender;
            cellbender remove-background --input ../../cellranger/scRNA/WT_0_hr/outs/raw_feature_bc_matrix.h5 --output ../../cellbender/scRNA/WT_0_hr_cellbender.h5 --expected-cells 6000 --total-droplets-included 15000 --fpr 0.01 0.05 0.1 --epochs 150 || true;
            conda deactivate
            
        (one of the commands exited with non-zero exit code; note that snakemake uses bash strict mode!)
    cluster_jobid: Your job 3789539 ("snakejob.cellbender.10.sh") has been submitted

Error executing rule cellbender on cluster (jobid: 10, external: Your job 3789539 ("snakejob.cellbender.10.sh") has been submitted, jobscript: /research/labs/neurology/fryer/shared/PMI/scripts/snakemake/.snakemake/tmp.7qeeiqe7/snakejob.cellbender.10.sh). For error details see the cluster log and the log files of the involved rule(s).
[Tue Mar 29 18:19:24 2022]
Error in rule cellbender:
    jobid: 8
    output: ../../cellbender/scRNA/PS19_3_hr_cellbender.h5
    shell:
        
            conda activate cellbender;
            cellbender remove-background --input ../../cellranger/scRNA/PS19_3_hr/outs/raw_feature_bc_matrix.h5 --output ../../cellbender/scRNA/PS19_3_hr_cellbender.h5 --expected-cells 6000 --total-droplets-included 15000 --fpr 0.01 0.05 0.1 --epochs 150 || true;
            conda deactivate
            
        (one of the commands exited with non-zero exit code; note that snakemake uses bash strict mode!)
    cluster_jobid: Your job 3789538 ("snakejob.cellbender.8.sh") has been submitted

Error executing rule cellbender on cluster (jobid: 8, external: Your job 3789538 ("snakejob.cellbender.8.sh") has been submitted, jobscript: /research/labs/neurology/fryer/shared/PMI/scripts/snakemake/.snakemake/tmp.7qeeiqe7/snakejob.cellbender.8.sh). For error details see the cluster log and the log files of the involved rule(s).
[Tue Mar 29 18:19:24 2022]
Error in rule cellbender:
    jobid: 12
    output: ../../cellbender/scRNA/WT_6_hr_cellbender.h5
    shell:
        
            conda activate cellbender;
            cellbender remove-background --input ../../cellranger/scRNA/WT_6_hr/outs/raw_feature_bc_matrix.h5 --output ../../cellbender/scRNA/WT_6_hr_cellbender.h5 --expected-cells 6000 --total-droplets-included 15000 --fpr 0.01 0.05 0.1 --epochs 150 || true;
            conda deactivate
            
        (one of the commands exited with non-zero exit code; note that snakemake uses bash strict mode!)
    cluster_jobid: Your job 3789540 ("snakejob.cellbender.12.sh") has been submitted

Error executing rule cellbender on cluster (jobid: 12, external: Your job 3789540 ("snakejob.cellbender.12.sh") has been submitted, jobscript: /research/labs/neurology/fryer/shared/PMI/scripts/snakemake/.snakemake/tmp.7qeeiqe7/snakejob.cellbender.12.sh). For error details see the cluster log and the log files of the involved rule(s).
[Tue Mar 29 18:20:04 2022]
Error in rule cellbender:
    jobid: 7
    output: ../../cellbender/scRNA/PS19_0_hr_cellbender.h5
    shell:
        
            conda activate cellbender;
            cellbender remove-background --input ../../cellranger/scRNA/PS19_0_hr/outs/raw_feature_bc_matrix.h5 --output ../../cellbender/scRNA/PS19_0_hr_cellbender.h5 --expected-cells 6000 --total-droplets-included 15000 --fpr 0.01 0.05 0.1 --epochs 150 || true;
            conda deactivate
            
        (one of the commands exited with non-zero exit code; note that snakemake uses bash strict mode!)
    cluster_jobid: Your job 3789541 ("snakejob.cellbender.7.sh") has been submitted

Error executing rule cellbender on cluster (jobid: 7, external: Your job 3789541 ("snakejob.cellbender.7.sh") has been submitted, jobscript: /research/labs/neurology/fryer/shared/PMI/scripts/snakemake/.snakemake/tmp.7qeeiqe7/snakejob.cellbender.7.sh). For error details see the cluster log and the log files of the involved rule(s).
[Tue Mar 29 18:20:04 2022]
Error in rule cellbender:
    jobid: 9
    output: ../../cellbender/scRNA/PS19_6_hr_cellbender.h5
    shell:
        
            conda activate cellbender;
            cellbender remove-background --input ../../cellranger/scRNA/PS19_6_hr/outs/raw_feature_bc_matrix.h5 --output ../../cellbender/scRNA/PS19_6_hr_cellbender.h5 --expected-cells 6000 --total-droplets-included 15000 --fpr 0.01 0.05 0.1 --epochs 150 || true;
            conda deactivate
            
        (one of the commands exited with non-zero exit code; note that snakemake uses bash strict mode!)
    cluster_jobid: Your job 3789542 ("snakejob.cellbender.9.sh") has been submitted

Error executing rule cellbender on cluster (jobid: 9, external: Your job 3789542 ("snakejob.cellbender.9.sh") has been submitted, jobscript: /research/labs/neurology/fryer/shared/PMI/scripts/snakemake/.snakemake/tmp.7qeeiqe7/snakejob.cellbender.9.sh). For error details see the cluster log and the log files of the involved rule(s).
[Tue Mar 29 18:20:04 2022]
Error in rule cellbender:
    jobid: 11
    output: ../../cellbender/scRNA/WT_3_hr_cellbender.h5
    shell:
        
            conda activate cellbender;
            cellbender remove-background --input ../../cellranger/scRNA/WT_3_hr/outs/raw_feature_bc_matrix.h5 --output ../../cellbender/scRNA/WT_3_hr_cellbender.h5 --expected-cells 6000 --total-droplets-included 15000 --fpr 0.01 0.05 0.1 --epochs 150 || true;
            conda deactivate
            
        (one of the commands exited with non-zero exit code; note that snakemake uses bash strict mode!)
    cluster_jobid: Your job 3789543 ("snakejob.cellbender.11.sh") has been submitted

Error executing rule cellbender on cluster (jobid: 11, external: Your job 3789543 ("snakejob.cellbender.11.sh") has been submitted, jobscript: /research/labs/neurology/fryer/shared/PMI/scripts/snakemake/.snakemake/tmp.7qeeiqe7/snakejob.cellbender.11.sh). For error details see the cluster log and the log files of the involved rule(s).
Shutting down, this might take some time.
Exiting because a job execution failed. Look above for error message
Complete log: .snakemake/log/2022-03-29T181815.010912.snakemake.log
